2003-06-13 18:27:13,188 - SimpleLog4JLogSystem initialized using logfile '/Users/wiseman/src/sy/tomcat-4.1.24/webapps/lumberjack//WEB-INF/log/velocity.log'
2003-06-13 18:27:13,189 - ************************************************************** 
2003-06-13 18:27:13,191 - Starting Jakarta Velocity v1.3
2003-06-13 18:27:13,191 - RuntimeInstance initializing.
2003-06-13 18:27:13,191 - Default Properties File: org/apache/velocity/runtime/defaults/velocity.properties
2003-06-13 18:27:13,191 - Trying to use logger class org.apache.velocity.runtime.log.AvalonLogSystem
2003-06-13 18:27:13,191 - Couldn't find class org.apache.velocity.runtime.log.AvalonLogSystem or necessary supporting classes in classpath. Exception : java.lang.NoClassDefFoundError: org/apache/log/format/Formatter
2003-06-13 18:27:13,191 - Trying to use logger class org.apache.velocity.runtime.log.SimpleLog4JLogSystem
2003-06-13 18:27:13,191 - Using logger class org.apache.velocity.runtime.log.SimpleLog4JLogSystem
2003-06-13 18:27:13,212 - Default ResourceManager initializing. (class org.apache.velocity.runtime.resource.ResourceManagerImpl)
2003-06-13 18:27:13,225 - Resource Loader Instantiated: org.apache.velocity.runtime.resource.loader.FileResourceLoader
2003-06-13 18:27:13,225 - FileResourceLoader : initialization starting.
2003-06-13 18:27:13,226 - FileResourceLoader : adding path '/Users/wiseman/src/sy/tomcat-4.1.24/webapps/lumberjack//WEB-INF/templates/vm'
2003-06-13 18:27:13,226 - FileResourceLoader : initialization complete.
2003-06-13 18:27:13,229 - Resource Loader Instantiated: org.apache.velocity.runtime.resource.loader.ClasspathResourceLoader
2003-06-13 18:27:13,229 - ClasspathResourceLoader : initialization starting.
2003-06-13 18:27:13,229 - ClasspathResourceLoader : initialization complete.
2003-06-13 18:27:13,235 - ResourceCache : initialized. (class org.apache.velocity.runtime.resource.ResourceCacheImpl)
2003-06-13 18:27:13,235 - Default ResourceManager initialization complete.
2003-06-13 18:27:13,242 - Loaded System Directive: org.apache.velocity.runtime.directive.Literal
2003-06-13 18:27:13,247 - Loaded System Directive: org.apache.velocity.runtime.directive.Macro
2003-06-13 18:27:13,255 - Loaded System Directive: org.apache.velocity.runtime.directive.Parse
2003-06-13 18:27:13,263 - Loaded System Directive: org.apache.velocity.runtime.directive.Include
2003-06-13 18:27:13,268 - Loaded System Directive: org.apache.velocity.runtime.directive.Foreach
2003-06-13 18:27:13,699 - Created: 20 parsers.
2003-06-13 18:27:13,700 - Velocimacro : initialization starting.
2003-06-13 18:27:13,700 - Velocimacro : adding VMs from VM library template : GlobalMacros.vm
2003-06-13 18:27:13,779 - Velocimacro : added new VM : #text( text ) : source = GlobalMacros.vm
2003-06-13 18:27:13,781 - Velocimacro : added new VM : #formLabel( label ) : source = GlobalMacros.vm
2003-06-13 18:27:13,782 - Velocimacro : added new VM : #formTextField( name value ) : source = GlobalMacros.vm
2003-06-13 18:27:13,784 - Velocimacro : added new VM : #textField( name value size ) : source = GlobalMacros.vm
2003-06-13 18:27:13,787 - Velocimacro : added new VM : #listBox( list ) : source = GlobalMacros.vm
2003-06-13 18:27:13,801 - Velocimacro : added new VM : #formPasswordCell( label name value ) : source = GlobalMacros.vm
2003-06-13 18:27:13,803 - Velocimacro : added new VM : #formReadOnlyCell( label name value ) : source = GlobalMacros.vm
2003-06-13 18:27:13,805 - Velocimacro : added new VM : #formCell( label name value ) : source = GlobalMacros.vm
2003-06-13 18:27:13,827 - Velocimacro : added new VM : #fileUploadField( name ) : source = GlobalMacros.vm
2003-06-13 18:27:13,828 - Velocimacro : added new VM : #fileUpload( label name ) : source = GlobalMacros.vm
2003-06-13 18:27:13,836 - Velocimacro : added new VM : #formCheckBox( name checked ) : source = GlobalMacros.vm
2003-06-13 18:27:13,838 - Velocimacro : added new VM : #formCheckBox2( label name checked ) : source = GlobalMacros.vm
2003-06-13 18:27:13,840 - Velocimacro : added new VM : #formListBox( label list ) : source = GlobalMacros.vm
2003-06-13 18:27:13,843 - Velocimacro : added new VM : #headerCell( body ) : source = GlobalMacros.vm
2003-06-13 18:27:13,844 - Velocimacro : added new VM : #entryCell( body ) : source = GlobalMacros.vm
2003-06-13 18:27:13,859 - Velocimacro : added new VM : #psmlLink( baseLink ) : source = GlobalMacros.vm
2003-06-13 18:27:13,872 - Velocimacro : added new VM : #headScripts( ) : source = GlobalMacros.vm
2003-06-13 18:27:13,873 - Velocimacro : added new VM : #bodyOnLoad( ) : source = GlobalMacros.vm
2003-06-13 18:27:13,995 - ResourceManager : found GlobalMacros.vm with loader org.apache.velocity.runtime.resource.loader.FileResourceLoader
2003-06-13 18:27:13,996 - Velocimacro :  VM library template macro registration complete.
2003-06-13 18:27:13,997 - Velocimacro : allowInline = true : VMs can be defined inline in templates
2003-06-13 18:27:13,997 - Velocimacro : allowInlineToOverride = false : VMs defined inline may NOT replace previous VM definitions
2003-06-13 18:27:13,997 - Velocimacro : allowInlineLocal = false : VMs defined inline will be  global in scope if allowed.
2003-06-13 18:27:13,997 - Velocimacro : messages on  : VM system will output logging messages
2003-06-13 18:27:13,997 - Velocimacro : autoload off  : VM system will not automatically reload global library macros
2003-06-13 18:27:13,997 - Velocimacro : initialization complete.
2003-06-13 18:27:13,997 - Velocity successfully started.
